<?xml version="1.0" encoding="UTF-8"?>
<!-- Generated by org.testng.reporters.JUnitXMLReporter -->
<testsuite ignored="0" hostname="LAPTOP-15PGKH9T" failures="1" tests="1" name="Parameters" time="0.073" errors="0" timestamp="2022-11-30T01:49:46 IST">
  <testcase classname="testNg.Phase2.Parametertest" name="Parameters" time="0.0">
    <failure type="org.testng.TestNGException" message="
Parameter &amp;apos;Firstname&amp;apos; is required by @Test on method Parameters but has not been marked @Optional or defined
in C:\Users\91810\eclipse-workspace\Selenium_p1\src\testng.xml">
      <![CDATA[org.testng.TestNGException: 
Parameter 'Firstname' is required by @Test on method Parameters but has not been marked @Optional or defined
in C:\Users\91810\eclipse-workspace\Selenium_p1\src\testng.xml
at java.base/java.util.ArrayList.forEach(ArrayList.java:1511)
... Removed 26 stack frames]]>
    </failure>
  </testcase> <!-- Parameters -->
</testsuite> <!-- Parameters -->
