<?xml version="1.0" encoding="UTF-8"?>
<testng-results ignored="0" total="5" passed="2" failed="2" skipped="1">
  <reporter-output>
  </reporter-output>
  <suite started-at="2022-12-01T23:12:10 IST" name="Default suite" finished-at="2022-12-01T23:12:18 IST" duration-ms="8178">
    <groups>
      <group name="G1">
        <method signature="Testng_Diff_Annotations.Test1()[pri:1, instance:testNg.Phase2.Testng_Diff_Annotations@2ea41516]" name="Test1" class="testNg.Phase2.Testng_Diff_Annotations"/>
        <method signature="Testng_Diff_Annotations.Test2()[pri:3, instance:testNg.Phase2.Testng_Diff_Annotations@2ea41516]" name="Test2" class="testNg.Phase2.Testng_Diff_Annotations"/>
      </group> <!-- G1 -->
      <group name="G2">
        <method signature="Testng_Diff_Annotations.BTest3()[pri:4, instance:testNg.Phase2.Testng_Diff_Annotations@2ea41516]" name="BTest3" class="testNg.Phase2.Testng_Diff_Annotations"/>
        <method signature="Testng_Diff_Annotations.Test3()[pri:2, instance:testNg.Phase2.Testng_Diff_Annotations@2ea41516]" name="Test3" class="testNg.Phase2.Testng_Diff_Annotations"/>
        <method signature="Testng_Diff_Annotations.Test4()[pri:2, instance:testNg.Phase2.Testng_Diff_Annotations@2ea41516]" name="Test4" class="testNg.Phase2.Testng_Diff_Annotations"/>
      </group> <!-- G2 -->
    </groups>
    <test started-at="2022-12-01T23:12:10 IST" name="Default test" finished-at="2022-12-01T23:12:18 IST" duration-ms="8178">
      <class name="testNg.Phase2.Testng_Diff_Annotations">
        <test-method is-config="true" signature="Beforsuite()[pri:0, instance:testNg.Phase2.Testng_Diff_Annotations@2ea41516]" started-at="2022-12-01T23:12:10 IST" name="Beforsuite" finished-at="2022-12-01T23:12:10 IST" duration-ms="10" status="PASS">
          <reporter-output>
          </reporter-output>
        </test-method> <!-- Beforsuite -->
        <test-method is-config="true" signature="Befortest()[pri:0, instance:testNg.Phase2.Testng_Diff_Annotations@2ea41516]" started-at="2022-12-01T23:12:10 IST" name="Befortest" finished-at="2022-12-01T23:12:10 IST" duration-ms="1" status="PASS">
          <reporter-output>
          </reporter-output>
        </test-method> <!-- Befortest -->
        <test-method is-config="true" signature="Beforeclass()[pri:0, instance:testNg.Phase2.Testng_Diff_Annotations@2ea41516]" started-at="2022-12-01T23:12:10 IST" name="Beforeclass" finished-at="2022-12-01T23:12:15 IST" duration-ms="4776" status="PASS">
          <reporter-output>
          </reporter-output>
        </test-method> <!-- Beforeclass -->
        <test-method is-config="true" signature="Beforemethod()[pri:0, instance:testNg.Phase2.Testng_Diff_Annotations@2ea41516]" started-at="2022-12-01T23:12:15 IST" name="Beforemethod" finished-at="2022-12-01T23:12:15 IST" duration-ms="2" status="PASS">
          <reporter-output>
          </reporter-output>
        </test-method> <!-- Beforemethod -->
        <test-method signature="Test1()[pri:1, instance:testNg.Phase2.Testng_Diff_Annotations@2ea41516]" started-at="2022-12-01T23:12:15 IST" name="Test1" finished-at="2022-12-01T23:12:15 IST" duration-ms="27" status="FAIL">
          <exception class="java.lang.ArithmeticException">
            <message>
              <![CDATA[/ by zero]]>
            </message>
            <full-stacktrace>
              <![CDATA[java.lang.ArithmeticException: / by zero
at testNg.Phase2.Testng_Diff_Annotations.Test1(Testng_Diff_Annotations.java:67)
at java.base/jdk.internal.reflect.NativeMethodAccessorImpl.invoke0(Native Method)
at java.base/jdk.internal.reflect.NativeMethodAccessorImpl.invoke(NativeMethodAccessorImpl.java:78)
at java.base/jdk.internal.reflect.DelegatingMethodAccessorImpl.invoke(DelegatingMethodAccessorImpl.java:43)
at java.base/java.lang.reflect.Method.invoke(Method.java:567)
at org.testng.internal.MethodInvocationHelper.invokeMethod(MethodInvocationHelper.java:133)
at org.testng.internal.TestInvoker.invokeMethod(TestInvoker.java:598)
at org.testng.internal.TestInvoker.invokeTestMethod(TestInvoker.java:173)
at org.testng.internal.MethodRunner.runInSequence(MethodRunner.java:46)
at org.testng.internal.TestInvoker$MethodInvocationAgent.invoke(TestInvoker.java:824)
at org.testng.internal.TestInvoker.invokeTestMethods(TestInvoker.java:146)
at org.testng.internal.TestMethodWorker.invokeTestMethods(TestMethodWorker.java:146)
at org.testng.internal.TestMethodWorker.run(TestMethodWorker.java:128)
at java.base/java.util.ArrayList.forEach(ArrayList.java:1511)
at org.testng.TestRunner.privateRun(TestRunner.java:794)
at org.testng.TestRunner.run(TestRunner.java:596)
at org.testng.SuiteRunner.runTest(SuiteRunner.java:377)
at org.testng.SuiteRunner.runSequentially(SuiteRunner.java:371)
at org.testng.SuiteRunner.privateRun(SuiteRunner.java:332)
at org.testng.SuiteRunner.run(SuiteRunner.java:276)
at org.testng.SuiteRunnerWorker.runSuite(SuiteRunnerWorker.java:53)
at org.testng.SuiteRunnerWorker.run(SuiteRunnerWorker.java:96)
at org.testng.TestNG.runSuitesSequentially(TestNG.java:1212)
at org.testng.TestNG.runSuitesLocally(TestNG.java:1134)
at org.testng.TestNG.runSuites(TestNG.java:1063)
at org.testng.TestNG.run(TestNG.java:1031)
at org.testng.remote.AbstractRemoteTestNG.run(AbstractRemoteTestNG.java:115)
at org.testng.remote.RemoteTestNG.initAndRun(RemoteTestNG.java:251)
at org.testng.remote.RemoteTestNG.main(RemoteTestNG.java:77)
]]>
            </full-stacktrace>
          </exception> <!-- java.lang.ArithmeticException -->
          <reporter-output>
          </reporter-output>
        </test-method> <!-- Test1 -->
        <test-method is-config="true" signature="Aftermethod()[pri:0, instance:testNg.Phase2.Testng_Diff_Annotations@2ea41516]" started-at="2022-12-01T23:12:15 IST" name="Aftermethod" finished-at="2022-12-01T23:12:15 IST" duration-ms="1" status="PASS">
          <reporter-output>
          </reporter-output>
        </test-method> <!-- Aftermethod -->
        <test-method is-config="true" signature="Beforemethod()[pri:0, instance:testNg.Phase2.Testng_Diff_Annotations@2ea41516]" started-at="2022-12-01T23:12:15 IST" name="Beforemethod" finished-at="2022-12-01T23:12:15 IST" duration-ms="1" status="PASS">
          <reporter-output>
          </reporter-output>
        </test-method> <!-- Beforemethod -->
        <test-method signature="Test4()[pri:2, instance:testNg.Phase2.Testng_Diff_Annotations@2ea41516]" started-at="2022-12-01T23:12:15 IST" name="Test4" finished-at="2022-12-01T23:12:18 IST" duration-ms="3090" status="FAIL">
          <exception class="org.openqa.selenium.TimeoutException">
            <message>
              <![CDATA[timeout: Timed out receiving message from renderer: 2.240
  (Session info: chrome=107.0.5304.107)
Build info: version: '3.141.59', revision: 'e82be7d358', time: '2018-11-14T08:25:48'
System info: host: 'LAPTOP-15PGKH9T', ip: '192.168.55.103', os.name: 'Windows 10', os.arch: 'amd64', os.version: '10.0', java.version: '16.0.2'
Driver info: org.openqa.selenium.chrome.ChromeDriver
Capabilities {acceptInsecureCerts: false, browserName: chrome, browserVersion: 107.0.5304.107, chrome: {chromedriverVersion: 107.0.5304.62 (1eec40d3a576..., userDataDir: C:\Users\91810\AppData\Loca...}, goog:chromeOptions: {debuggerAddress: localhost:64696}, javascriptEnabled: true, networkConnectionEnabled: false, pageLoadStrategy: normal, platform: WINDOWS, platformName: WINDOWS, proxy: Proxy(), setWindowRect: true, strictFileInteractability: false, timeouts: {implicit: 0, pageLoad: 300000, script: 30000}, unhandledPromptBehavior: dismiss and notify, webauthn:extension:credBlob: true, webauthn:extension:largeBlob: true, webauthn:virtualAuthenticators: true}
Session ID: b77eeec17ce67d620ca096ba8db8641b]]>
            </message>
            <full-stacktrace>
              <![CDATA[org.openqa.selenium.TimeoutException: timeout: Timed out receiving message from renderer: 2.240
  (Session info: chrome=107.0.5304.107)
Build info: version: '3.141.59', revision: 'e82be7d358', time: '2018-11-14T08:25:48'
System info: host: 'LAPTOP-15PGKH9T', ip: '192.168.55.103', os.name: 'Windows 10', os.arch: 'amd64', os.version: '10.0', java.version: '16.0.2'
Driver info: org.openqa.selenium.chrome.ChromeDriver
Capabilities {acceptInsecureCerts: false, browserName: chrome, browserVersion: 107.0.5304.107, chrome: {chromedriverVersion: 107.0.5304.62 (1eec40d3a576..., userDataDir: C:\Users\91810\AppData\Loca...}, goog:chromeOptions: {debuggerAddress: localhost:64696}, javascriptEnabled: true, networkConnectionEnabled: false, pageLoadStrategy: normal, platform: WINDOWS, platformName: WINDOWS, proxy: Proxy(), setWindowRect: true, strictFileInteractability: false, timeouts: {implicit: 0, pageLoad: 300000, script: 30000}, unhandledPromptBehavior: dismiss and notify, webauthn:extension:credBlob: true, webauthn:extension:largeBlob: true, webauthn:virtualAuthenticators: true}
Session ID: b77eeec17ce67d620ca096ba8db8641b
at java.base/jdk.internal.reflect.NativeConstructorAccessorImpl.newInstance0(Native Method)
at java.base/jdk.internal.reflect.NativeConstructorAccessorImpl.newInstance(NativeConstructorAccessorImpl.java:78)
at java.base/jdk.internal.reflect.DelegatingConstructorAccessorImpl.newInstance(DelegatingConstructorAccessorImpl.java:45)
at java.base/java.lang.reflect.Constructor.newInstanceWithCaller(Constructor.java:499)
at java.base/java.lang.reflect.Constructor.newInstance(Constructor.java:480)
at org.openqa.selenium.remote.http.W3CHttpResponseCodec.createException(W3CHttpResponseCodec.java:187)
at org.openqa.selenium.remote.http.W3CHttpResponseCodec.decode(W3CHttpResponseCodec.java:122)
at org.openqa.selenium.remote.http.W3CHttpResponseCodec.decode(W3CHttpResponseCodec.java:49)
at org.openqa.selenium.remote.HttpCommandExecutor.execute(HttpCommandExecutor.java:158)
at org.openqa.selenium.remote.service.DriverCommandExecutor.execute(DriverCommandExecutor.java:83)
at org.openqa.selenium.remote.RemoteWebDriver.execute(RemoteWebDriver.java:552)
at org.openqa.selenium.remote.RemoteWebDriver.get(RemoteWebDriver.java:277)
at testNg.Phase2.Testng_Diff_Annotations.Test4(Testng_Diff_Annotations.java:83)
at java.base/jdk.internal.reflect.NativeMethodAccessorImpl.invoke0(Native Method)
at java.base/jdk.internal.reflect.NativeMethodAccessorImpl.invoke(NativeMethodAccessorImpl.java:78)
at java.base/jdk.internal.reflect.DelegatingMethodAccessorImpl.invoke(DelegatingMethodAccessorImpl.java:43)
at java.base/java.lang.reflect.Method.invoke(Method.java:567)
at org.testng.internal.MethodInvocationHelper.invokeMethod(MethodInvocationHelper.java:133)
at org.testng.internal.TestInvoker.invokeMethod(TestInvoker.java:598)
at org.testng.internal.TestInvoker.invokeTestMethod(TestInvoker.java:173)
at org.testng.internal.MethodRunner.runInSequence(MethodRunner.java:46)
at org.testng.internal.TestInvoker$MethodInvocationAgent.invoke(TestInvoker.java:824)
at org.testng.internal.TestInvoker.invokeTestMethods(TestInvoker.java:146)
at org.testng.internal.TestMethodWorker.invokeTestMethods(TestMethodWorker.java:146)
at org.testng.internal.TestMethodWorker.run(TestMethodWorker.java:128)
at java.base/java.util.ArrayList.forEach(ArrayList.java:1511)
at org.testng.TestRunner.privateRun(TestRunner.java:794)
at org.testng.TestRunner.run(TestRunner.java:596)
at org.testng.SuiteRunner.runTest(SuiteRunner.java:377)
at org.testng.SuiteRunner.runSequentially(SuiteRunner.java:371)
at org.testng.SuiteRunner.privateRun(SuiteRunner.java:332)
at org.testng.SuiteRunner.run(SuiteRunner.java:276)
at org.testng.SuiteRunnerWorker.runSuite(SuiteRunnerWorker.java:53)
at org.testng.SuiteRunnerWorker.run(SuiteRunnerWorker.java:96)
at org.testng.TestNG.runSuitesSequentially(TestNG.java:1212)
at org.testng.TestNG.runSuitesLocally(TestNG.java:1134)
at org.testng.TestNG.runSuites(TestNG.java:1063)
at org.testng.TestNG.run(TestNG.java:1031)
at org.testng.remote.AbstractRemoteTestNG.run(AbstractRemoteTestNG.java:115)
at org.testng.remote.RemoteTestNG.initAndRun(RemoteTestNG.java:251)
at org.testng.remote.RemoteTestNG.main(RemoteTestNG.java:77)
]]>
            </full-stacktrace>
          </exception> <!-- org.openqa.selenium.TimeoutException -->
          <reporter-output>
          </reporter-output>
        </test-method> <!-- Test4 -->
        <test-method is-config="true" signature="Aftermethod()[pri:0, instance:testNg.Phase2.Testng_Diff_Annotations@2ea41516]" started-at="2022-12-01T23:12:18 IST" name="Aftermethod" finished-at="2022-12-01T23:12:18 IST" duration-ms="7" status="PASS">
          <reporter-output>
          </reporter-output>
        </test-method> <!-- Aftermethod -->
        <test-method is-config="true" signature="Beforemethod()[pri:0, instance:testNg.Phase2.Testng_Diff_Annotations@2ea41516]" started-at="2022-12-01T23:12:18 IST" name="Beforemethod" finished-at="2022-12-01T23:12:18 IST" duration-ms="1" status="PASS">
          <reporter-output>
          </reporter-output>
        </test-method> <!-- Beforemethod -->
        <test-method signature="Test2()[pri:3, instance:testNg.Phase2.Testng_Diff_Annotations@2ea41516]" started-at="2022-12-01T23:12:18 IST" name="Test2" finished-at="2022-12-01T23:12:18 IST" duration-ms="6" status="PASS">
          <reporter-output>
          </reporter-output>
        </test-method> <!-- Test2 -->
        <test-method is-config="true" signature="Aftermethod()[pri:0, instance:testNg.Phase2.Testng_Diff_Annotations@2ea41516]" started-at="2022-12-01T23:12:18 IST" name="Aftermethod" finished-at="2022-12-01T23:12:18 IST" duration-ms="1" status="PASS">
          <reporter-output>
          </reporter-output>
        </test-method> <!-- Aftermethod -->
        <test-method signature="Test3()[pri:2, instance:testNg.Phase2.Testng_Diff_Annotations@2ea41516]" started-at="2022-12-01T23:12:18 IST" name="Test3" depends-on-groups="G1" finished-at="2022-12-01T23:12:18 IST" duration-ms="0" status="SKIP">
          <exception class="java.lang.Throwable">
            <message>
              <![CDATA[Method Testng_Diff_Annotations.Test3()[pri:2, instance:testNg.Phase2.Testng_Diff_Annotations@2ea41516] depends on not successfully finished methods in group "G1"]]>
            </message>
            <full-stacktrace>
              <![CDATA[java.lang.Throwable: Method Testng_Diff_Annotations.Test3()[pri:2, instance:testNg.Phase2.Testng_Diff_Annotations@2ea41516] depends on not successfully finished methods in group "G1"
at org.testng.internal.TestInvoker.invokeTestMethods(TestInvoker.java:102)
at org.testng.internal.TestMethodWorker.invokeTestMethods(TestMethodWorker.java:146)
at org.testng.internal.TestMethodWorker.run(TestMethodWorker.java:128)
at java.base/java.util.ArrayList.forEach(ArrayList.java:1511)
at org.testng.TestRunner.privateRun(TestRunner.java:794)
at org.testng.TestRunner.run(TestRunner.java:596)
at org.testng.SuiteRunner.runTest(SuiteRunner.java:377)
at org.testng.SuiteRunner.runSequentially(SuiteRunner.java:371)
at org.testng.SuiteRunner.privateRun(SuiteRunner.java:332)
at org.testng.SuiteRunner.run(SuiteRunner.java:276)
at org.testng.SuiteRunnerWorker.runSuite(SuiteRunnerWorker.java:53)
at org.testng.SuiteRunnerWorker.run(SuiteRunnerWorker.java:96)
at org.testng.TestNG.runSuitesSequentially(TestNG.java:1212)
at org.testng.TestNG.runSuitesLocally(TestNG.java:1134)
at org.testng.TestNG.runSuites(TestNG.java:1063)
at org.testng.TestNG.run(TestNG.java:1031)
at org.testng.remote.AbstractRemoteTestNG.run(AbstractRemoteTestNG.java:115)
at org.testng.remote.RemoteTestNG.initAndRun(RemoteTestNG.java:251)
at org.testng.remote.RemoteTestNG.main(RemoteTestNG.java:77)
]]>
            </full-stacktrace>
          </exception> <!-- java.lang.Throwable -->
          <reporter-output>
          </reporter-output>
        </test-method> <!-- Test3 -->
        <test-method is-config="true" signature="Beforemethod()[pri:0, instance:testNg.Phase2.Testng_Diff_Annotations@2ea41516]" started-at="2022-12-01T23:12:18 IST" name="Beforemethod" finished-at="2022-12-01T23:12:18 IST" duration-ms="1" status="PASS">
          <reporter-output>
          </reporter-output>
        </test-method> <!-- Beforemethod -->
        <test-method signature="BTest3()[pri:4, instance:testNg.Phase2.Testng_Diff_Annotations@2ea41516]" started-at="2022-12-01T23:12:18 IST" name="BTest3" finished-at="2022-12-01T23:12:18 IST" depends-on-methods="testNg.Phase2.Testng_Diff_Annotations.Test2" duration-ms="3" status="PASS">
          <reporter-output>
          </reporter-output>
        </test-method> <!-- BTest3 -->
        <test-method is-config="true" signature="Aftermethod()[pri:0, instance:testNg.Phase2.Testng_Diff_Annotations@2ea41516]" started-at="2022-12-01T23:12:18 IST" name="Aftermethod" finished-at="2022-12-01T23:12:18 IST" duration-ms="3" status="PASS">
          <reporter-output>
          </reporter-output>
        </test-method> <!-- Aftermethod -->
        <test-method is-config="true" signature="Afterclass()[pri:0, instance:testNg.Phase2.Testng_Diff_Annotations@2ea41516]" started-at="2022-12-01T23:12:18 IST" name="Afterclass" finished-at="2022-12-01T23:12:18 IST" duration-ms="1" status="PASS">
          <reporter-output>
          </reporter-output>
        </test-method> <!-- Afterclass -->
        <test-method is-config="true" signature="Aftertest()[pri:0, instance:testNg.Phase2.Testng_Diff_Annotations@2ea41516]" started-at="2022-12-01T23:12:18 IST" name="Aftertest" finished-at="2022-12-01T23:12:18 IST" duration-ms="0" status="PASS">
          <reporter-output>
          </reporter-output>
        </test-method> <!-- Aftertest -->
        <test-method is-config="true" signature="Aftersuite()[pri:0, instance:testNg.Phase2.Testng_Diff_Annotations@2ea41516]" started-at="2022-12-01T23:12:18 IST" name="Aftersuite" finished-at="2022-12-01T23:12:18 IST" duration-ms="0" status="PASS">
          <reporter-output>
          </reporter-output>
        </test-method> <!-- Aftersuite -->
      </class> <!-- testNg.Phase2.Testng_Diff_Annotations -->
    </test> <!-- Default test -->
  </suite> <!-- Default suite -->
</testng-results>
